<?xml version="1.0" encoding="UTF-8" ?>
<testsuite failures="0" time="2.293" errors="0" skipped="0" tests="3" name="com.nike.runclubreport.resources.KeywordsResourceTest">
  <properties>
    <property name="java.runtime.name" value="Java(TM) SE Runtime Environment"/>
    <property name="sun.boot.library.path" value="/Library/Java/JavaVirtualMachines/jdk1.7.0_51.jdk/Contents/Home/jre/lib"/>
    <property name="java.vm.version" value="24.51-b03"/>
    <property name="user.country.format" value="US_POSIX"/>
    <property name="gopherProxySet" value="false"/>
    <property name="java.vm.vendor" value="Oracle Corporation"/>
    <property name="java.vendor.url" value="http://java.oracle.com/"/>
    <property name="path.separator" value=":"/>
    <property name="java.vm.name" value="Java HotSpot(TM) 64-Bit Server VM"/>
    <property name="file.encoding.pkg" value="sun.io"/>
    <property name="user.country" value="US"/>
    <property name="sun.java.launcher" value="SUN_STANDARD"/>
    <property name="sun.os.patch.level" value="unknown"/>
    <property name="java.vm.specification.name" value="Java Virtual Machine Specification"/>
    <property name="user.dir" value="/Users/bing.du/JavaProject/Nike/nikewchreport/RunClubReport"/>
    <property name="java.runtime.version" value="1.7.0_51-b13"/>
    <property name="java.awt.graphicsenv" value="sun.awt.CGraphicsEnvironment"/>
    <property name="basedir" value="/Users/bing.du/JavaProject/Nike/nikewchreport/RunClubReport"/>
    <property name="java.endorsed.dirs" value="/Library/Java/JavaVirtualMachines/jdk1.7.0_51.jdk/Contents/Home/jre/lib/endorsed"/>
    <property name="os.arch" value="x86_64"/>
    <property name="surefire.real.class.path" value="/Users/bing.du/JavaProject/Nike/nikewchreport/RunClubReport/target/surefire/surefirebooter1292498438128189392.jar"/>
    <property name="java.io.tmpdir" value="/var/folders/c8/r0vzrlqs5lvc7_bfdlm_x311j303gz/T/"/>
    <property name="line.separator" value="
"/>
    <property name="java.vm.specification.vendor" value="Oracle Corporation"/>
    <property name="os.name" value="Mac OS X"/>
    <property name="sun.jnu.encoding" value="UTF-8"/>
    <property name="java.library.path" value="/Users/bing.du/Library/Java/Extensions:/Library/Java/Extensions:/Network/Library/Java/Extensions:/System/Library/Java/Extensions:/usr/lib/java:."/>
    <property name="surefire.test.class.path" value="/Users/bing.du/JavaProject/Nike/nikewchreport/RunClubReport/target/test-classes:/Users/bing.du/JavaProject/Nike/nikewchreport/RunClubReport/target/classes:/Users/bing.du/.m2/repository/org/apache/poi/poi/3.8/poi-3.8.jar:/Users/bing.du/.m2/repository/commons-codec/commons-codec/1.5/commons-codec-1.5.jar:/Users/bing.du/.m2/repository/com/sun/jersey/jersey-server/1.17.1/jersey-server-1.17.1.jar:/Users/bing.du/.m2/repository/asm/asm/3.1/asm-3.1.jar:/Users/bing.du/.m2/repository/com/sun/jersey/jersey-core/1.17.1/jersey-core-1.17.1.jar:/Users/bing.du/.m2/repository/com/sun/jersey/jersey-client/1.8/jersey-client-1.8.jar:/Users/bing.du/.m2/repository/com/sun/jersey/jersey-servlet/1.17.1/jersey-servlet-1.17.1.jar:/Users/bing.du/.m2/repository/com/yammer/dropwizard/dropwizard-auth/0.6.2/dropwizard-auth-0.6.2.jar:/Users/bing.du/.m2/repository/com/sun/jersey/contribs/jersey-multipart/1.17.1/jersey-multipart-1.17.1.jar:/Users/bing.du/.m2/repository/org/jvnet/mimepull/1.6/mimepull-1.6.jar:/Users/bing.du/.m2/repository/com/yammer/dropwizard/dropwizard-core/0.6.2/dropwizard-core-0.6.2.jar:/Users/bing.du/.m2/repository/com/yammer/metrics/metrics-core/2.2.0/metrics-core-2.2.0.jar:/Users/bing.du/.m2/repository/com/yammer/metrics/metrics-servlet/2.2.0/metrics-servlet-2.2.0.jar:/Users/bing.du/.m2/repository/com/yammer/metrics/metrics-jetty/2.2.0/metrics-jetty-2.2.0.jar:/Users/bing.du/.m2/repository/com/yammer/metrics/metrics-logback/2.2.0/metrics-logback-2.2.0.jar:/Users/bing.du/.m2/repository/com/yammer/metrics/metrics-jersey/2.2.0/metrics-jersey-2.2.0.jar:/Users/bing.du/.m2/repository/com/yammer/metrics/metrics-annotation/2.2.0/metrics-annotation-2.2.0.jar:/Users/bing.du/.m2/repository/com/fasterxml/jackson/core/jackson-databind/2.1.4/jackson-databind-2.1.4.jar:/Users/bing.du/.m2/repository/com/fasterxml/jackson/core/jackson-annotations/2.1.4/jackson-annotations-2.1.4.jar:/Users/bing.du/.m2/repository/com/fasterxml/jackson/jaxrs/jackson-jaxrs-json-provider/2.1.4/jackson-jaxrs-json-provider-2.1.4.jar:/Users/bing.du/.m2/repository/com/fasterxml/jackson/module/jackson-module-jaxb-annotations/2.1.4/jackson-module-jaxb-annotations-2.1.4.jar:/Users/bing.du/.m2/repository/com/fasterxml/jackson/datatype/jackson-datatype-guava/2.1.2/jackson-datatype-guava-2.1.2.jar:/Users/bing.du/.m2/repository/net/sourceforge/argparse4j/argparse4j/0.4.0/argparse4j-0.4.0.jar:/Users/bing.du/.m2/repository/org/slf4j/slf4j-api/1.7.4/slf4j-api-1.7.4.jar:/Users/bing.du/.m2/repository/org/slf4j/jul-to-slf4j/1.7.4/jul-to-slf4j-1.7.4.jar:/Users/bing.du/.m2/repository/ch/qos/logback/logback-core/1.0.10/logback-core-1.0.10.jar:/Users/bing.du/.m2/repository/ch/qos/logback/logback-classic/1.0.10/logback-classic-1.0.10.jar:/Users/bing.du/.m2/repository/org/slf4j/log4j-over-slf4j/1.7.4/log4j-over-slf4j-1.7.4.jar:/Users/bing.du/.m2/repository/org/eclipse/jetty/jetty-server/8.1.10.v20130312/jetty-server-8.1.10.v20130312.jar:/Users/bing.du/.m2/repository/org/eclipse/jetty/orbit/javax.servlet/3.0.0.v201112011016/javax.servlet-3.0.0.v201112011016.jar:/Users/bing.du/.m2/repository/org/eclipse/jetty/jetty-continuation/8.1.10.v20130312/jetty-continuation-8.1.10.v20130312.jar:/Users/bing.du/.m2/repository/org/eclipse/jetty/jetty-servlet/8.1.10.v20130312/jetty-servlet-8.1.10.v20130312.jar:/Users/bing.du/.m2/repository/org/eclipse/jetty/jetty-security/8.1.10.v20130312/jetty-security-8.1.10.v20130312.jar:/Users/bing.du/.m2/repository/org/eclipse/jetty/jetty-http/8.1.10.v20130312/jetty-http-8.1.10.v20130312.jar:/Users/bing.du/.m2/repository/org/eclipse/jetty/jetty-io/8.1.10.v20130312/jetty-io-8.1.10.v20130312.jar:/Users/bing.du/.m2/repository/org/eclipse/jetty/jetty-util/8.1.10.v20130312/jetty-util-8.1.10.v20130312.jar:/Users/bing.du/.m2/repository/com/google/guava/guava/14.0.1/guava-14.0.1.jar:/Users/bing.du/.m2/repository/com/google/code/findbugs/jsr305/2.0.1/jsr305-2.0.1.jar:/Users/bing.du/.m2/repository/org/hibernate/hibernate-validator/4.3.1.Final/hibernate-validator-4.3.1.Final.jar:/Users/bing.du/.m2/repository/javax/validation/validation-api/1.0.0.GA/validation-api-1.0.0.GA.jar:/Users/bing.du/.m2/repository/org/jboss/logging/jboss-logging/3.1.0.CR2/jboss-logging-3.1.0.CR2.jar:/Users/bing.du/.m2/repository/joda-time/joda-time/2.2/joda-time-2.2.jar:/Users/bing.du/.m2/repository/com/fasterxml/jackson/datatype/jackson-datatype-joda/2.1.2/jackson-datatype-joda-2.1.2.jar:/Users/bing.du/.m2/repository/com/yammer/dropwizard/dropwizard-views/0.6.2/dropwizard-views-0.6.2.jar:/Users/bing.du/.m2/repository/org/freemarker/freemarker/2.3.19/freemarker-2.3.19.jar:/Users/bing.du/.m2/repository/com/github/spullara/mustache/java/compiler/0.8.10/compiler-0.8.10.jar:/Users/bing.du/.m2/repository/com/yammer/dropwizard/dropwizard-jdbi/0.6.2/dropwizard-jdbi-0.6.2.jar:/Users/bing.du/.m2/repository/com/yammer/dropwizard/dropwizard-db/0.6.2/dropwizard-db-0.6.2.jar:/Users/bing.du/.m2/repository/org/apache/tomcat/tomcat-dbcp/7.0.37/tomcat-dbcp-7.0.37.jar:/Users/bing.du/.m2/repository/org/jdbi/jdbi/2.41/jdbi-2.41.jar:/Users/bing.du/.m2/repository/com/yammer/metrics/metrics-jdbi/2.2.0/metrics-jdbi-2.2.0.jar:/Users/bing.du/.m2/repository/com/yammer/dropwizard/dropwizard-migrations/0.6.2/dropwizard-migrations-0.6.2.jar:/Users/bing.du/.m2/repository/org/liquibase/liquibase-core/2.0.5/liquibase-core-2.0.5.jar:/Users/bing.du/.m2/repository/com/mattbertolini/liquibase-slf4j/1.0.0/liquibase-slf4j-1.0.0.jar:/Users/bing.du/.m2/repository/com/fasterxml/jackson/dataformat/jackson-dataformat-yaml/2.2.0/jackson-dataformat-yaml-2.2.0.jar:/Users/bing.du/.m2/repository/com/fasterxml/jackson/core/jackson-core/2.2.0/jackson-core-2.2.0.jar:/Users/bing.du/.m2/repository/org/apache/commons/commons-lang3/3.1/commons-lang3-3.1.jar:/Users/bing.du/.m2/repository/mysql/mysql-connector-java/5.1.26/mysql-connector-java-5.1.26.jar:/Users/bing.du/.m2/repository/org/springframework/spring-context/3.1.1.RELEASE/spring-context-3.1.1.RELEASE.jar:/Users/bing.du/.m2/repository/org/springframework/spring-aop/3.1.1.RELEASE/spring-aop-3.1.1.RELEASE.jar:/Users/bing.du/.m2/repository/org/springframework/spring-beans/3.1.1.RELEASE/spring-beans-3.1.1.RELEASE.jar:/Users/bing.du/.m2/repository/org/springframework/spring-core/3.1.1.RELEASE/spring-core-3.1.1.RELEASE.jar:/Users/bing.du/.m2/repository/commons-logging/commons-logging/1.1.1/commons-logging-1.1.1.jar:/Users/bing.du/.m2/repository/org/springframework/spring-expression/3.1.1.RELEASE/spring-expression-3.1.1.RELEASE.jar:/Users/bing.du/.m2/repository/org/springframework/spring-asm/3.1.1.RELEASE/spring-asm-3.1.1.RELEASE.jar:/Users/bing.du/.m2/repository/org/hamcrest/hamcrest-core/1.3/hamcrest-core-1.3.jar:/Users/bing.du/.m2/repository/junit/junit/4.11/junit-4.11.jar:/Users/bing.du/.m2/repository/com/yammer/dropwizard/dropwizard-testing/0.6.2/dropwizard-testing-0.6.2.jar:/Users/bing.du/.m2/repository/com/sun/jersey/jersey-test-framework/jersey-test-framework-core/1.17.1/jersey-test-framework-core-1.17.1.jar:/Users/bing.du/.m2/repository/javax/servlet/javax.servlet-api/3.0.1/javax.servlet-api-3.0.1.jar:/Users/bing.du/.m2/repository/com/sun/jersey/jersey-test-framework/jersey-test-framework-inmemory/1.17.1/jersey-test-framework-inmemory-1.17.1.jar:/Users/bing.du/.m2/repository/org/mockito/mockito-all/1.9.5/mockito-all-1.9.5.jar:/Users/bing.du/.m2/repository/org/easytesting/fest-assert-core/2.0M10/fest-assert-core-2.0M10.jar:/Users/bing.du/.m2/repository/org/easytesting/fest-util/1.2.5/fest-util-1.2.5.jar:/Users/bing.du/.m2/repository/com/h2database/h2/1.3.173/h2-1.3.173.jar:/Users/bing.du/.m2/repository/com/google/inject/guice/3.0/guice-3.0.jar:/Users/bing.du/.m2/repository/javax/inject/javax.inject/1/javax.inject-1.jar:/Users/bing.du/.m2/repository/aopalliance/aopalliance/1.0/aopalliance-1.0.jar:/Users/bing.du/.m2/repository/com/google/code/gson/gson/2.2.4/gson-2.2.4.jar:/Users/bing.du/.m2/repository/org/antlr/stringtemplate/3.2/stringtemplate-3.2.jar:/Users/bing.du/.m2/repository/antlr/antlr/2.7.7/antlr-2.7.7.jar:"/>
    <property name="java.specification.name" value="Java Platform API Specification"/>
    <property name="java.class.version" value="51.0"/>
    <property name="sun.management.compiler" value="HotSpot 64-Bit Tiered Compilers"/>
    <property name="os.version" value="10.8.5"/>
    <property name="http.nonProxyHosts" value="local|*.local|169.254/16|*.169.254/16"/>
    <property name="user.home" value="/Users/bing.du"/>
    <property name="user.timezone" value="Asia/Shanghai"/>
    <property name="java.awt.printerjob" value="sun.lwawt.macosx.CPrinterJob"/>
    <property name="java.specification.version" value="1.7"/>
    <property name="file.encoding" value="UTF-8"/>
    <property name="user.name" value="bing.du"/>
    <property name="java.class.path" value="/Users/bing.du/JavaProject/Nike/nikewchreport/RunClubReport/target/test-classes:/Users/bing.du/JavaProject/Nike/nikewchreport/RunClubReport/target/classes:/Users/bing.du/.m2/repository/org/apache/poi/poi/3.8/poi-3.8.jar:/Users/bing.du/.m2/repository/commons-codec/commons-codec/1.5/commons-codec-1.5.jar:/Users/bing.du/.m2/repository/com/sun/jersey/jersey-server/1.17.1/jersey-server-1.17.1.jar:/Users/bing.du/.m2/repository/asm/asm/3.1/asm-3.1.jar:/Users/bing.du/.m2/repository/com/sun/jersey/jersey-core/1.17.1/jersey-core-1.17.1.jar:/Users/bing.du/.m2/repository/com/sun/jersey/jersey-client/1.8/jersey-client-1.8.jar:/Users/bing.du/.m2/repository/com/sun/jersey/jersey-servlet/1.17.1/jersey-servlet-1.17.1.jar:/Users/bing.du/.m2/repository/com/yammer/dropwizard/dropwizard-auth/0.6.2/dropwizard-auth-0.6.2.jar:/Users/bing.du/.m2/repository/com/sun/jersey/contribs/jersey-multipart/1.17.1/jersey-multipart-1.17.1.jar:/Users/bing.du/.m2/repository/org/jvnet/mimepull/1.6/mimepull-1.6.jar:/Users/bing.du/.m2/repository/com/yammer/dropwizard/dropwizard-core/0.6.2/dropwizard-core-0.6.2.jar:/Users/bing.du/.m2/repository/com/yammer/metrics/metrics-core/2.2.0/metrics-core-2.2.0.jar:/Users/bing.du/.m2/repository/com/yammer/metrics/metrics-servlet/2.2.0/metrics-servlet-2.2.0.jar:/Users/bing.du/.m2/repository/com/yammer/metrics/metrics-jetty/2.2.0/metrics-jetty-2.2.0.jar:/Users/bing.du/.m2/repository/com/yammer/metrics/metrics-logback/2.2.0/metrics-logback-2.2.0.jar:/Users/bing.du/.m2/repository/com/yammer/metrics/metrics-jersey/2.2.0/metrics-jersey-2.2.0.jar:/Users/bing.du/.m2/repository/com/yammer/metrics/metrics-annotation/2.2.0/metrics-annotation-2.2.0.jar:/Users/bing.du/.m2/repository/com/fasterxml/jackson/core/jackson-databind/2.1.4/jackson-databind-2.1.4.jar:/Users/bing.du/.m2/repository/com/fasterxml/jackson/core/jackson-annotations/2.1.4/jackson-annotations-2.1.4.jar:/Users/bing.du/.m2/repository/com/fasterxml/jackson/jaxrs/jackson-jaxrs-json-provider/2.1.4/jackson-jaxrs-json-provider-2.1.4.jar:/Users/bing.du/.m2/repository/com/fasterxml/jackson/module/jackson-module-jaxb-annotations/2.1.4/jackson-module-jaxb-annotations-2.1.4.jar:/Users/bing.du/.m2/repository/com/fasterxml/jackson/datatype/jackson-datatype-guava/2.1.2/jackson-datatype-guava-2.1.2.jar:/Users/bing.du/.m2/repository/net/sourceforge/argparse4j/argparse4j/0.4.0/argparse4j-0.4.0.jar:/Users/bing.du/.m2/repository/org/slf4j/slf4j-api/1.7.4/slf4j-api-1.7.4.jar:/Users/bing.du/.m2/repository/org/slf4j/jul-to-slf4j/1.7.4/jul-to-slf4j-1.7.4.jar:/Users/bing.du/.m2/repository/ch/qos/logback/logback-core/1.0.10/logback-core-1.0.10.jar:/Users/bing.du/.m2/repository/ch/qos/logback/logback-classic/1.0.10/logback-classic-1.0.10.jar:/Users/bing.du/.m2/repository/org/slf4j/log4j-over-slf4j/1.7.4/log4j-over-slf4j-1.7.4.jar:/Users/bing.du/.m2/repository/org/eclipse/jetty/jetty-server/8.1.10.v20130312/jetty-server-8.1.10.v20130312.jar:/Users/bing.du/.m2/repository/org/eclipse/jetty/orbit/javax.servlet/3.0.0.v201112011016/javax.servlet-3.0.0.v201112011016.jar:/Users/bing.du/.m2/repository/org/eclipse/jetty/jetty-continuation/8.1.10.v20130312/jetty-continuation-8.1.10.v20130312.jar:/Users/bing.du/.m2/repository/org/eclipse/jetty/jetty-servlet/8.1.10.v20130312/jetty-servlet-8.1.10.v20130312.jar:/Users/bing.du/.m2/repository/org/eclipse/jetty/jetty-security/8.1.10.v20130312/jetty-security-8.1.10.v20130312.jar:/Users/bing.du/.m2/repository/org/eclipse/jetty/jetty-http/8.1.10.v20130312/jetty-http-8.1.10.v20130312.jar:/Users/bing.du/.m2/repository/org/eclipse/jetty/jetty-io/8.1.10.v20130312/jetty-io-8.1.10.v20130312.jar:/Users/bing.du/.m2/repository/org/eclipse/jetty/jetty-util/8.1.10.v20130312/jetty-util-8.1.10.v20130312.jar:/Users/bing.du/.m2/repository/com/google/guava/guava/14.0.1/guava-14.0.1.jar:/Users/bing.du/.m2/repository/com/google/code/findbugs/jsr305/2.0.1/jsr305-2.0.1.jar:/Users/bing.du/.m2/repository/org/hibernate/hibernate-validator/4.3.1.Final/hibernate-validator-4.3.1.Final.jar:/Users/bing.du/.m2/repository/javax/validation/validation-api/1.0.0.GA/validation-api-1.0.0.GA.jar:/Users/bing.du/.m2/repository/org/jboss/logging/jboss-logging/3.1.0.CR2/jboss-logging-3.1.0.CR2.jar:/Users/bing.du/.m2/repository/joda-time/joda-time/2.2/joda-time-2.2.jar:/Users/bing.du/.m2/repository/com/fasterxml/jackson/datatype/jackson-datatype-joda/2.1.2/jackson-datatype-joda-2.1.2.jar:/Users/bing.du/.m2/repository/com/yammer/dropwizard/dropwizard-views/0.6.2/dropwizard-views-0.6.2.jar:/Users/bing.du/.m2/repository/org/freemarker/freemarker/2.3.19/freemarker-2.3.19.jar:/Users/bing.du/.m2/repository/com/github/spullara/mustache/java/compiler/0.8.10/compiler-0.8.10.jar:/Users/bing.du/.m2/repository/com/yammer/dropwizard/dropwizard-jdbi/0.6.2/dropwizard-jdbi-0.6.2.jar:/Users/bing.du/.m2/repository/com/yammer/dropwizard/dropwizard-db/0.6.2/dropwizard-db-0.6.2.jar:/Users/bing.du/.m2/repository/org/apache/tomcat/tomcat-dbcp/7.0.37/tomcat-dbcp-7.0.37.jar:/Users/bing.du/.m2/repository/org/jdbi/jdbi/2.41/jdbi-2.41.jar:/Users/bing.du/.m2/repository/com/yammer/metrics/metrics-jdbi/2.2.0/metrics-jdbi-2.2.0.jar:/Users/bing.du/.m2/repository/com/yammer/dropwizard/dropwizard-migrations/0.6.2/dropwizard-migrations-0.6.2.jar:/Users/bing.du/.m2/repository/org/liquibase/liquibase-core/2.0.5/liquibase-core-2.0.5.jar:/Users/bing.du/.m2/repository/com/mattbertolini/liquibase-slf4j/1.0.0/liquibase-slf4j-1.0.0.jar:/Users/bing.du/.m2/repository/com/fasterxml/jackson/dataformat/jackson-dataformat-yaml/2.2.0/jackson-dataformat-yaml-2.2.0.jar:/Users/bing.du/.m2/repository/com/fasterxml/jackson/core/jackson-core/2.2.0/jackson-core-2.2.0.jar:/Users/bing.du/.m2/repository/org/apache/commons/commons-lang3/3.1/commons-lang3-3.1.jar:/Users/bing.du/.m2/repository/mysql/mysql-connector-java/5.1.26/mysql-connector-java-5.1.26.jar:/Users/bing.du/.m2/repository/org/springframework/spring-context/3.1.1.RELEASE/spring-context-3.1.1.RELEASE.jar:/Users/bing.du/.m2/repository/org/springframework/spring-aop/3.1.1.RELEASE/spring-aop-3.1.1.RELEASE.jar:/Users/bing.du/.m2/repository/org/springframework/spring-beans/3.1.1.RELEASE/spring-beans-3.1.1.RELEASE.jar:/Users/bing.du/.m2/repository/org/springframework/spring-core/3.1.1.RELEASE/spring-core-3.1.1.RELEASE.jar:/Users/bing.du/.m2/repository/commons-logging/commons-logging/1.1.1/commons-logging-1.1.1.jar:/Users/bing.du/.m2/repository/org/springframework/spring-expression/3.1.1.RELEASE/spring-expression-3.1.1.RELEASE.jar:/Users/bing.du/.m2/repository/org/springframework/spring-asm/3.1.1.RELEASE/spring-asm-3.1.1.RELEASE.jar:/Users/bing.du/.m2/repository/org/hamcrest/hamcrest-core/1.3/hamcrest-core-1.3.jar:/Users/bing.du/.m2/repository/junit/junit/4.11/junit-4.11.jar:/Users/bing.du/.m2/repository/com/yammer/dropwizard/dropwizard-testing/0.6.2/dropwizard-testing-0.6.2.jar:/Users/bing.du/.m2/repository/com/sun/jersey/jersey-test-framework/jersey-test-framework-core/1.17.1/jersey-test-framework-core-1.17.1.jar:/Users/bing.du/.m2/repository/javax/servlet/javax.servlet-api/3.0.1/javax.servlet-api-3.0.1.jar:/Users/bing.du/.m2/repository/com/sun/jersey/jersey-test-framework/jersey-test-framework-inmemory/1.17.1/jersey-test-framework-inmemory-1.17.1.jar:/Users/bing.du/.m2/repository/org/mockito/mockito-all/1.9.5/mockito-all-1.9.5.jar:/Users/bing.du/.m2/repository/org/easytesting/fest-assert-core/2.0M10/fest-assert-core-2.0M10.jar:/Users/bing.du/.m2/repository/org/easytesting/fest-util/1.2.5/fest-util-1.2.5.jar:/Users/bing.du/.m2/repository/com/h2database/h2/1.3.173/h2-1.3.173.jar:/Users/bing.du/.m2/repository/com/google/inject/guice/3.0/guice-3.0.jar:/Users/bing.du/.m2/repository/javax/inject/javax.inject/1/javax.inject-1.jar:/Users/bing.du/.m2/repository/aopalliance/aopalliance/1.0/aopalliance-1.0.jar:/Users/bing.du/.m2/repository/com/google/code/gson/gson/2.2.4/gson-2.2.4.jar:/Users/bing.du/.m2/repository/org/antlr/stringtemplate/3.2/stringtemplate-3.2.jar:/Users/bing.du/.m2/repository/antlr/antlr/2.7.7/antlr-2.7.7.jar:"/>
    <property name="java.vm.specification.version" value="1.7"/>
    <property name="sun.arch.data.model" value="64"/>
    <property name="java.home" value="/Library/Java/JavaVirtualMachines/jdk1.7.0_51.jdk/Contents/Home/jre"/>
    <property name="sun.java.command" value="/Users/bing.du/JavaProject/Nike/nikewchreport/RunClubReport/target/surefire/surefirebooter1292498438128189392.jar /Users/bing.du/JavaProject/Nike/nikewchreport/RunClubReport/target/surefire/surefire8089222143945340513tmp /Users/bing.du/JavaProject/Nike/nikewchreport/RunClubReport/target/surefire/surefire3716279937506881860tmp"/>
    <property name="java.specification.vendor" value="Oracle Corporation"/>
    <property name="user.language" value="en"/>
    <property name="awt.toolkit" value="sun.lwawt.macosx.LWCToolkit"/>
    <property name="java.vm.info" value="mixed mode"/>
    <property name="java.version" value="1.7.0_51"/>
    <property name="java.ext.dirs" value="/Users/bing.du/Library/Java/Extensions:/Library/Java/JavaVirtualMachines/jdk1.7.0_51.jdk/Contents/Home/jre/lib/ext:/Library/Java/Extensions:/Network/Library/Java/Extensions:/System/Library/Java/Extensions:/usr/lib/java"/>
    <property name="sun.boot.class.path" value="/Library/Java/JavaVirtualMachines/jdk1.7.0_51.jdk/Contents/Home/jre/lib/resources.jar:/Library/Java/JavaVirtualMachines/jdk1.7.0_51.jdk/Contents/Home/jre/lib/rt.jar:/Library/Java/JavaVirtualMachines/jdk1.7.0_51.jdk/Contents/Home/jre/lib/sunrsasign.jar:/Library/Java/JavaVirtualMachines/jdk1.7.0_51.jdk/Contents/Home/jre/lib/jsse.jar:/Library/Java/JavaVirtualMachines/jdk1.7.0_51.jdk/Contents/Home/jre/lib/jce.jar:/Library/Java/JavaVirtualMachines/jdk1.7.0_51.jdk/Contents/Home/jre/lib/charsets.jar:/Library/Java/JavaVirtualMachines/jdk1.7.0_51.jdk/Contents/Home/jre/lib/jfr.jar:/Library/Java/JavaVirtualMachines/jdk1.7.0_51.jdk/Contents/Home/jre/classes"/>
    <property name="java.vendor" value="Oracle Corporation"/>
    <property name="localRepository" value="/Users/bing.du/.m2/repository"/>
    <property name="file.separator" value="/"/>
    <property name="java.vendor.url.bug" value="http://bugreport.sun.com/bugreport/"/>
    <property name="sun.cpu.endian" value="little"/>
    <property name="sun.io.unicode.encoding" value="UnicodeBig"/>
    <property name="socksNonProxyHosts" value="local|*.local|169.254/16|*.169.254/16"/>
    <property name="ftp.nonProxyHosts" value="local|*.local|169.254/16|*.169.254/16"/>
    <property name="sun.cpu.isalist" value=""/>
  </properties>
  <testcase time="1.824" classname="com.nike.runclubreport.resources.KeywordsResourceTest" name="testAddKeyWords"/>
  <testcase time="0.258" classname="com.nike.runclubreport.resources.KeywordsResourceTest" name="testEditKeyWords"/>
  <testcase time="0.204" classname="com.nike.runclubreport.resources.KeywordsResourceTest" name="testViewKeyWords"/>
</testsuite>